<?xml version="1.0" encoding="UTF-8"?>
<testng-results skipped="0" failed="0" ignored="0" total="2" passed="2">
  <reporter-output>
  </reporter-output>
  <suite name="Suite" duration-ms="49610" started-at="2022-04-03T06:38:23Z" finished-at="2022-04-03T06:39:12Z">
    <groups>
    </groups>
    <test name="Chrome" duration-ms="26416" started-at="2022-04-03T06:38:23Z" finished-at="2022-04-03T06:38:49Z">
      <class name="com.leaftabs.ui.testcases.TC001_CreateLead">
        <test-method status="PASS" signature="launchBrowser(java.lang.String, java.lang.String)[pri:0, instance:com.leaftabs.ui.testcases.TC001_CreateLead@6e6c3152]" name="launchBrowser" is-config="true" duration-ms="17493" started-at="2022-04-03T12:08:23Z" finished-at="2022-04-03T12:08:40Z">
          <params>
            <param index="0">
              <value>
                <![CDATA[http://leaftaps.com/opentaps/control/main]]>
              </value>
            </param>
            <param index="1">
              <value>
                <![CDATA[chrome]]>
              </value>
            </param>
          </params>
          <reporter-output>
          </reporter-output>
        </test-method> <!-- launchBrowser -->
        <test-method status="PASS" signature="runTC001()[pri:0, instance:com.leaftabs.ui.testcases.TC001_CreateLead@6e6c3152]" name="runTC001" duration-ms="8175" started-at="2022-04-03T12:08:40Z" finished-at="2022-04-03T12:08:48Z">
          <reporter-output>
          </reporter-output>
        </test-method> <!-- runTC001 -->
        <test-method status="PASS" signature="closeBrowser()[pri:0, instance:com.leaftabs.ui.testcases.TC001_CreateLead@6e6c3152]" name="closeBrowser" is-config="true" duration-ms="712" started-at="2022-04-03T12:08:48Z" finished-at="2022-04-03T12:08:49Z">
          <reporter-output>
          </reporter-output>
        </test-method> <!-- closeBrowser -->
      </class> <!-- com.leaftabs.ui.testcases.TC001_CreateLead -->
    </test> <!-- Chrome -->
    <test name="Edge" duration-ms="23167" started-at="2022-04-03T06:38:49Z" finished-at="2022-04-03T06:39:12Z">
      <class name="com.leaftabs.ui.testcases.TC001_CreateLead">
        <test-method status="PASS" signature="launchBrowser(java.lang.String, java.lang.String)[pri:0, instance:com.leaftabs.ui.testcases.TC001_CreateLead@1e6d1014]" name="launchBrowser" is-config="true" duration-ms="14409" started-at="2022-04-03T12:08:49Z" finished-at="2022-04-03T12:09:04Z">
          <params>
            <param index="0">
              <value>
                <![CDATA[http://leaftaps.com/opentaps/control/main]]>
              </value>
            </param>
            <param index="1">
              <value>
                <![CDATA[edge]]>
              </value>
            </param>
          </params>
          <reporter-output>
          </reporter-output>
        </test-method> <!-- launchBrowser -->
        <test-method status="PASS" signature="runTC001()[pri:0, instance:com.leaftabs.ui.testcases.TC001_CreateLead@1e6d1014]" name="runTC001" duration-ms="7787" started-at="2022-04-03T12:09:04Z" finished-at="2022-04-03T12:09:11Z">
          <reporter-output>
          </reporter-output>
        </test-method> <!-- runTC001 -->
        <test-method status="PASS" signature="closeBrowser()[pri:0, instance:com.leaftabs.ui.testcases.TC001_CreateLead@1e6d1014]" name="closeBrowser" is-config="true" duration-ms="966" started-at="2022-04-03T12:09:11Z" finished-at="2022-04-03T12:09:12Z">
          <reporter-output>
          </reporter-output>
        </test-method> <!-- closeBrowser -->
      </class> <!-- com.leaftabs.ui.testcases.TC001_CreateLead -->
    </test> <!-- Edge -->
  </suite> <!-- Suite -->
</testng-results>
